# JRE version: Java(TM) SE Runtime Environment (8.0_20-b26) (build 1.8.0_20-b26)
# Java VM: Java HotSpot(TM) 64-Bit Server VM (25.20-b23 mixed mode linux-amd64 compressed oops)
Heap:
 PSYoungGen      total 58368K, used 9764K [0x00000000eab00000, 0x00000000ef000000, 0x0000000100000000)
  eden space 47616K, 3% used [0x00000000eab00000,0x00000000eaccade0,0x00000000ed980000)
  from space 10752K, 73% used [0x00000000ee480000,0x00000000eec3e378,0x00000000eef00000)
  to   space 11264K, 0% used [0x00000000ed980000,0x00000000ed980000,0x00000000ee480000)
 ParOldGen       total 35840K, used 12505K [0x00000000c0000000, 0x00000000c2300000, 0x00000000eab00000)
  object space 35840K, 34% used [0x00000000c0000000,0x00000000c0c366b0,0x00000000c2300000)
 Metaspace       used 7184K, capacity 7460K, committed 7808K, reserved 1056768K
  class space    used 762K, capacity 788K, committed 896K, reserved 1048576K
GC Heap History (10 events):
Event: 190,775 GC heap before
{Heap before GC invocations=5 (full 0):
 PSYoungGen      total 14336K, used 14321K [0x00000000eab00000, 0x00000000ec700000, 0x0000000100000000)
  eden space 12288K, 100% used [0x00000000eab00000,0x00000000eb700000,0x00000000eb700000)
  from space 2048K, 99% used [0x00000000eb900000,0x00000000ebafc760,0x00000000ebb00000)
  to   space 2048K, 0% used [0x00000000eb700000,0x00000000eb700000,0x00000000eb900000)
 ParOldGen       total 32768K, used 12385K [0x00000000c0000000, 0x00000000c2000000, 0x00000000eab00000)
  object space 32768K, 37% used [0x00000000c0000000,0x00000000c0c185a8,0x00000000c2000000)
 Metaspace       used 7153K, capacity 7460K, committed 7808K, reserved 1056768K
  class space    used 762K, capacity 788K, committed 896K, reserved 1048576K
Event: 190,796 GC heap after
Heap after GC invocations=5 (full 0):
 PSYoungGen      total 14336K, used 2033K [0x00000000eab00000, 0x00000000ed700000, 0x0000000100000000)
  eden space 12288K, 0% used [0x00000000eab00000,0x00000000eab00000,0x00000000eb700000)
  from space 2048K, 99% used [0x00000000eb700000,0x00000000eb8fc780,0x00000000eb900000)
  to   space 10240K, 0% used [0x00000000ecd00000,0x00000000ecd00000,0x00000000ed700000)
 ParOldGen       total 32768K, used 20125K [0x00000000c0000000, 0x00000000c2000000, 0x00000000eab00000)
  object space 32768K, 61% used [0x00000000c0000000,0x00000000c13a7720,0x00000000c2000000)
 Metaspace       used 7153K, capacity 7460K, committed 7808K, reserved 1056768K
  class space    used 762K, capacity 788K, committed 896K, reserved 1048576K
}
Event: 190,866 GC heap before
{Heap before GC invocations=6 (full 0):
 PSYoungGen      total 14336K, used 12384K [0x00000000eab00000, 0x00000000ed700000, 0x0000000100000000)
  eden space 12288K, 84% used [0x00000000eab00000,0x00000000eb51b920,0x00000000eb700000)
  from space 2048K, 99% used [0x00000000eb700000,0x00000000eb8fc780,0x00000000eb900000)
  to   space 10240K, 0% used [0x00000000ecd00000,0x00000000ecd00000,0x00000000ed700000)
 ParOldGen       total 32768K, used 20125K [0x00000000c0000000, 0x00000000c2000000, 0x00000000eab00000)
  object space 32768K, 61% used [0x00000000c0000000,0x00000000c13a7720,0x00000000c2000000)
 Metaspace       used 7159K, capacity 7460K, committed 7808K, reserved 1056768K
  class space    used 762K, capacity 788K, committed 896K, reserved 1048576K
Event: 190,877 GC heap after
Heap after GC invocations=6 (full 0):
 PSYoungGen      total 34304K, used 2049K [0x00000000eab00000, 0x00000000ed800000, 0x0000000100000000)
  eden space 24064K, 0% used [0x00000000eab00000,0x00000000eab00000,0x00000000ec280000)
  from space 10240K, 20% used [0x00000000ecd00000,0x00000000ecf00790,0x00000000ed700000)
  to   space 10752K, 0% used [0x00000000ec280000,0x00000000ec280000,0x00000000ecd00000)
 ParOldGen       total 32768K, used 20133K [0x00000000c0000000, 0x00000000c2000000, 0x00000000eab00000)
  object space 32768K, 61% used [0x00000000c0000000,0x00000000c13a9720,0x00000000c2000000)
 Metaspace       used 7159K, capacity 7460K, committed 7808K, reserved 1056768K
  class space    used 762K, capacity 788K, committed 896K, reserved 1048576K
}
Event: 191,084 GC heap before
{Heap before GC invocations=7 (full 0):
 PSYoungGen      total 34304K, used 26113K [0x00000000eab00000, 0x00000000ed800000, 0x0000000100000000)
  eden space 24064K, 100% used [0x00000000eab00000,0x00000000ec280000,0x00000000ec280000)
  from space 10240K, 20% used [0x00000000ecd00000,0x00000000ecf00790,0x00000000ed700000)
  to   space 10752K, 0% used [0x00000000ec280000,0x00000000ec280000,0x00000000ecd00000)
 ParOldGen       total 32768K, used 20133K [0x00000000c0000000, 0x00000000c2000000, 0x00000000eab00000)
  object space 32768K, 61% used [0x00000000c0000000,0x00000000c13a9720,0x00000000c2000000)
 Metaspace       used 7173K, capacity 7460K, committed 7808K, reserved 1056768K
  class space    used 762K, capacity 788K, committed 896K, reserved 1048576K
Event: 191,152 GC heap after
Heap after GC invocations=7 (full 0):
 PSYoungGen      total 34816K, used 7754K [0x00000000eab00000, 0x00000000eef00000, 0x0000000100000000)
  eden space 24064K, 0% used [0x00000000eab00000,0x00000000eab00000,0x00000000ec280000)
  from space 10752K, 72% used [0x00000000ec280000,0x00000000eca12930,0x00000000ecd00000)
  to   space 10752K, 0% used [0x00000000ee480000,0x00000000ee480000,0x00000000eef00000)
 ParOldGen       total 32768K, used 28976K [0x00000000c0000000, 0x00000000c2000000, 0x00000000eab00000)
  object space 32768K, 88% used [0x00000000c0000000,0x00000000c1c4c1e0,0x00000000c2000000)
 Metaspace       used 7173K, capacity 7460K, committed 7808K, reserved 1056768K
  class space    used 762K, capacity 788K, committed 896K, reserved 1048576K
}
Event: 191,152 GC heap before
{Heap before GC invocations=8 (full 1):
 PSYoungGen      total 34816K, used 7754K [0x00000000eab00000, 0x00000000eef00000, 0x0000000100000000)
  eden space 24064K, 0% used [0x00000000eab00000,0x00000000eab00000,0x00000000ec280000)
  from space 10752K, 72% used [0x00000000ec280000,0x00000000eca12930,0x00000000ecd00000)
  to   space 10752K, 0% used [0x00000000ee480000,0x00000000ee480000,0x00000000eef00000)
 ParOldGen       total 32768K, used 28976K [0x00000000c0000000, 0x00000000c2000000, 0x00000000eab00000)
  object space 32768K, 88% used [0x00000000c0000000,0x00000000c1c4c1e0,0x00000000c2000000)
 Metaspace       used 7173K, capacity 7460K, committed 7808K, reserved 1056768K
  class space    used 762K, capacity 788K, committed 896K, reserved 1048576K
Event: 191,264 GC heap after
Heap after GC invocations=8 (full 1):
 PSYoungGen      total 34816K, used 0K [0x00000000eab00000, 0x00000000eef00000, 0x0000000100000000)
  eden space 24064K, 0% used [0x00000000eab00000,0x00000000eab00000,0x00000000ec280000)
  from space 10752K, 0% used [0x00000000ec280000,0x00000000ec280000,0x00000000ecd00000)
  to   space 10752K, 0% used [0x00000000ee480000,0x00000000ee480000,0x00000000eef00000)
 ParOldGen       total 35840K, used 12505K [0x00000000c0000000, 0x00000000c2300000, 0x00000000eab00000)
  object space 35840K, 34% used [0x00000000c0000000,0x00000000c0c366b0,0x00000000c2300000)
 Metaspace       used 7173K, capacity 7460K, committed 7808K, reserved 1056768K
  class space    used 762K, capacity 788K, committed 896K, reserved 1048576K
}
Event: 191,419 GC heap before
{Heap before GC invocations=9 (full 1):
 PSYoungGen      total 34816K, used 24064K [0x00000000eab00000, 0x00000000eef00000, 0x0000000100000000)
  eden space 24064K, 100% used [0x00000000eab00000,0x00000000ec280000,0x00000000ec280000)
  from space 10752K, 0% used [0x00000000ec280000,0x00000000ec280000,0x00000000ecd00000)
  to   space 10752K, 0% used [0x00000000ee480000,0x00000000ee480000,0x00000000eef00000)
 ParOldGen       total 35840K, used 12505K [0x00000000c0000000, 0x00000000c2300000, 0x00000000eab00000)
  object space 35840K, 34% used [0x00000000c0000000,0x00000000c0c366b0,0x00000000c2300000)
 Metaspace       used 7184K, capacity 7460K, committed 7808K, reserved 1056768K
  class space    used 762K, capacity 788K, committed 896K, reserved 1048576K
Event: 191,434 GC heap after
Heap after GC invocations=9 (full 1):
 PSYoungGen      total 58368K, used 7928K [0x00000000eab00000, 0x00000000ef000000, 0x0000000100000000)
  eden space 47616K, 0% used [0x00000000eab00000,0x00000000eab00000,0x00000000ed980000)
  from space 10752K, 73% used [0x00000000ee480000,0x00000000eec3e378,0x00000000eef00000)
  to   space 11264K, 0% used [0x00000000ed980000,0x00000000ed980000,0x00000000ee480000)
 ParOldGen       total 35840K, used 12505K [0x00000000c0000000, 0x00000000c2300000, 0x00000000eab00000)
  object space 35840K, 34% used [0x00000000c0000000,0x00000000c0c366b0,0x00000000c2300000)
 Metaspace       used 7184K, capacity 7460K, committed 7808K, reserved 1056768K
  class space    used 762K, capacity 788K, committed 896K, reserved 1048576K
}

