# JRE version: Java(TM) SE Runtime Environment (8.0_20-b26) (build 1.8.0_20-b26)
# Java VM: Java HotSpot(TM) 64-Bit Server VM (25.20-b23 mixed mode linux-amd64 compressed oops)
Heap:
 PSYoungGen      total 261632K, used 45191K [0x00000000eab00000, 0x00000000fe500000, 0x0000000100000000)
  eden space 199168K, 8% used [0x00000000eab00000,0x00000000ebb0ffd0,0x00000000f6d80000)
  from space 62464K, 46% used [0x00000000f6d80000,0x00000000f8991dc8,0x00000000faa80000)
  to   space 59904K, 0% used [0x00000000faa80000,0x00000000faa80000,0x00000000fe500000)
 ParOldGen       total 282624K, used 114910K [0x00000000c0000000, 0x00000000d1400000, 0x00000000eab00000)
  object space 282624K, 40% used [0x00000000c0000000,0x00000000c7037870,0x00000000d1400000)
 Metaspace       used 142675K, capacity 148244K, committed 158976K, reserved 1181696K
  class space    used 18239K, capacity 20033K, committed 27392K, reserved 1048576K
GC Heap History (10 events):
Event: 13265,422 GC heap before
{Heap before GC invocations=102 (full 32):
 PSYoungGen      total 219648K, used 193024K [0x00000000eab00000, 0x00000000fe680000, 0x0000000100000000)
  eden space 193024K, 100% used [0x00000000eab00000,0x00000000f6780000,0x00000000f6780000)
  from space 26624K, 0% used [0x00000000f6780000,0x00000000f6780000,0x00000000f8180000)
  to   space 65024K, 0% used [0x00000000fa700000,0x00000000fa700000,0x00000000fe680000)
 ParOldGen       total 282624K, used 123892K [0x00000000c0000000, 0x00000000d1400000, 0x00000000eab00000)
  object space 282624K, 43% used [0x00000000c0000000,0x00000000c78fd140,0x00000000d1400000)
 Metaspace       used 131592K, capacity 137134K, committed 148992K, reserved 1171456K
  class space    used 16971K, capacity 18768K, committed 27392K, reserved 1048576K
Event: 13265,498 GC heap after
Heap after GC invocations=102 (full 32):
 PSYoungGen      total 259072K, used 29834K [0x00000000eab00000, 0x00000000fe480000, 0x0000000100000000)
  eden space 196096K, 0% used [0x00000000eab00000,0x00000000eab00000,0x00000000f6a80000)
  from space 62976K, 47% used [0x00000000fa700000,0x00000000fc422a38,0x00000000fe480000)
  to   space 61952K, 0% used [0x00000000f6a80000,0x00000000f6a80000,0x00000000fa700000)
 ParOldGen       total 282624K, used 123900K [0x00000000c0000000, 0x00000000d1400000, 0x00000000eab00000)
  object space 282624K, 43% used [0x00000000c0000000,0x00000000c78ff140,0x00000000d1400000)
 Metaspace       used 131592K, capacity 137134K, committed 148992K, reserved 1171456K
  class space    used 16971K, capacity 18768K, committed 27392K, reserved 1048576K
}
Event: 15002,958 GC heap before
{Heap before GC invocations=103 (full 32):
 PSYoungGen      total 259072K, used 225930K [0x00000000eab00000, 0x00000000fe480000, 0x0000000100000000)
  eden space 196096K, 100% used [0x00000000eab00000,0x00000000f6a80000,0x00000000f6a80000)
  from space 62976K, 47% used [0x00000000fa700000,0x00000000fc422a38,0x00000000fe480000)
  to   space 61952K, 0% used [0x00000000f6a80000,0x00000000f6a80000,0x00000000fa700000)
 ParOldGen       total 282624K, used 123900K [0x00000000c0000000, 0x00000000d1400000, 0x00000000eab00000)
  object space 282624K, 43% used [0x00000000c0000000,0x00000000c78ff140,0x00000000d1400000)
 Metaspace       used 137424K, capacity 143512K, committed 153856K, reserved 1175552K
  class space    used 17813K, capacity 19805K, committed 27392K, reserved 1048576K
Event: 15003,094 GC heap after
Heap after GC invocations=103 (full 32):
 PSYoungGen      total 258048K, used 43248K [0x00000000eab00000, 0x00000000fe980000, 0x0000000100000000)
  eden space 196096K, 0% used [0x00000000eab00000,0x00000000eab00000,0x00000000f6a80000)
  from space 61952K, 69% used [0x00000000f6a80000,0x00000000f94bc168,0x00000000fa700000)
  to   space 63488K, 0% used [0x00000000fab80000,0x00000000fab80000,0x00000000fe980000)
 ParOldGen       total 282624K, used 123900K [0x00000000c0000000, 0x00000000d1400000, 0x00000000eab00000)
  object space 282624K, 43% used [0x00000000c0000000,0x00000000c78ff140,0x00000000d1400000)
 Metaspace       used 137424K, capacity 143512K, committed 153856K, reserved 1175552K
  class space    used 17813K, capacity 19805K, committed 27392K, reserved 1048576K
}
Event: 15004,343 GC heap before
{Heap before GC invocations=104 (full 32):
 PSYoungGen      total 258048K, used 78414K [0x00000000eab00000, 0x00000000fe980000, 0x0000000100000000)
  eden space 196096K, 17% used [0x00000000eab00000,0x00000000ecd579c0,0x00000000f6a80000)
  from space 61952K, 69% used [0x00000000f6a80000,0x00000000f94bc168,0x00000000fa700000)
  to   space 63488K, 0% used [0x00000000fab80000,0x00000000fab80000,0x00000000fe980000)
 ParOldGen       total 282624K, used 123900K [0x00000000c0000000, 0x00000000d1400000, 0x00000000eab00000)
  object space 282624K, 43% used [0x00000000c0000000,0x00000000c78ff140,0x00000000d1400000)
 Metaspace       used 138264K, capacity 144552K, committed 154624K, reserved 1177600K
  class space    used 17953K, capacity 19980K, committed 27392K, reserved 1048576K
Event: 15004,436 GC heap after
Heap after GC invocations=104 (full 32):
 PSYoungGen      total 260608K, used 18425K [0x00000000eab00000, 0x00000000fe780000, 0x0000000100000000)
  eden space 199168K, 0% used [0x00000000eab00000,0x00000000eab00000,0x00000000f6d80000)
  from space 61440K, 29% used [0x00000000fab80000,0x00000000fbd7e688,0x00000000fe780000)
  to   space 62464K, 0% used [0x00000000f6d80000,0x00000000f6d80000,0x00000000faa80000)
 ParOldGen       total 282624K, used 123908K [0x00000000c0000000, 0x00000000d1400000, 0x00000000eab00000)
  object space 282624K, 43% used [0x00000000c0000000,0x00000000c7901140,0x00000000d1400000)
 Metaspace       used 138264K, capacity 144552K, committed 154624K, reserved 1177600K
  class space    used 17953K, capacity 19980K, committed 27392K, reserved 1048576K
}
Event: 15004,436 GC heap before
{Heap before GC invocations=105 (full 33):
 PSYoungGen      total 260608K, used 18425K [0x00000000eab00000, 0x00000000fe780000, 0x0000000100000000)
  eden space 199168K, 0% used [0x00000000eab00000,0x00000000eab00000,0x00000000f6d80000)
  from space 61440K, 29% used [0x00000000fab80000,0x00000000fbd7e688,0x00000000fe780000)
  to   space 62464K, 0% used [0x00000000f6d80000,0x00000000f6d80000,0x00000000faa80000)
 ParOldGen       total 282624K, used 123908K [0x00000000c0000000, 0x00000000d1400000, 0x00000000eab00000)
  object space 282624K, 43% used [0x00000000c0000000,0x00000000c7901140,0x00000000d1400000)
 Metaspace       used 138264K, capacity 144552K, committed 154624K, reserved 1177600K
  class space    used 17953K, capacity 19980K, committed 27392K, reserved 1048576K
Event: 15005,903 GC heap after
Heap after GC invocations=105 (full 33):
 PSYoungGen      total 260608K, used 0K [0x00000000eab00000, 0x00000000fe780000, 0x0000000100000000)
  eden space 199168K, 0% used [0x00000000eab00000,0x00000000eab00000,0x00000000f6d80000)
  from space 61440K, 0% used [0x00000000fab80000,0x00000000fab80000,0x00000000fe780000)
  to   space 62464K, 0% used [0x00000000f6d80000,0x00000000f6d80000,0x00000000faa80000)
 ParOldGen       total 282624K, used 114910K [0x00000000c0000000, 0x00000000d1400000, 0x00000000eab00000)
  object space 282624K, 40% used [0x00000000c0000000,0x00000000c7037870,0x00000000d1400000)
 Metaspace       used 136811K, capacity 141702K, committed 154624K, reserved 1177600K
  class space    used 17390K, capacity 18967K, committed 27392K, reserved 1048576K
}
Event: 15149,526 GC heap before
{Heap before GC invocations=106 (full 33):
 PSYoungGen      total 260608K, used 199168K [0x00000000eab00000, 0x00000000fe780000, 0x0000000100000000)
  eden space 199168K, 100% used [0x00000000eab00000,0x00000000f6d80000,0x00000000f6d80000)
  from space 61440K, 0% used [0x00000000fab80000,0x00000000fab80000,0x00000000fe780000)
  to   space 62464K, 0% used [0x00000000f6d80000,0x00000000f6d80000,0x00000000faa80000)
 ParOldGen       total 282624K, used 114910K [0x00000000c0000000, 0x00000000d1400000, 0x00000000eab00000)
  object space 282624K, 40% used [0x00000000c0000000,0x00000000c7037870,0x00000000d1400000)
 Metaspace       used 142519K, capacity 148058K, committed 158976K, reserved 1181696K
  class space    used 18211K, capacity 20013K, committed 27392K, reserved 1048576K
Event: 15149,599 GC heap after
Heap after GC invocations=106 (full 33):
 PSYoungGen      total 261632K, used 28743K [0x00000000eab00000, 0x00000000fe500000, 0x0000000100000000)
  eden space 199168K, 0% used [0x00000000eab00000,0x00000000eab00000,0x00000000f6d80000)
  from space 62464K, 46% used [0x00000000f6d80000,0x00000000f8991dc8,0x00000000faa80000)
  to   space 59904K, 0% used [0x00000000faa80000,0x00000000faa80000,0x00000000fe500000)
 ParOldGen       total 282624K, used 114910K [0x00000000c0000000, 0x00000000d1400000, 0x00000000eab00000)
  object space 282624K, 40% used [0x00000000c0000000,0x00000000c7037870,0x00000000d1400000)
 Metaspace       used 142519K, capacity 148058K, committed 158976K, reserved 1181696K
  class space    used 18211K, capacity 20013K, committed 27392K, reserved 1048576K
}

